  Using 'git status' to determine working set for adaptive non-unity build (D:\I\Sousaku\FamilyReunionDinner).
  Parsing headers for FamilyReunionDinner2Editor
    Running UnrealHeaderTool "D:\I\Sousaku\FamilyReunionDinner\FamilyReunionDinner2\FamilyReunionDinner2.uproject" "D:\I\Sousaku\FamilyReunionDinner\FamilyReunionDinner2\Intermediate\Build\Win64\FamilyReunionDinner2Editor\Development\FamilyReunionDinner2Editor.uhtmanifest" -LogCmds="loginit warning, logexit warning, logdatabase error" -Unattended -WarningsAsErrors -abslog="D:\G\User\Tools\UnrealEngine-release2\Engine\Programs\UnrealBuildTool\Log_UHT.txt"
  LogInit: Display: Loading text-based GConfig....
LogCompile : error : Circular dependency detected for filename D:\I\Sousaku\FamilyReunionDinner\FamilyReunionDinner2\Source\FamilyReunionDinner2\FamilyReunionDinner2Character.h!
  Reflection code generated for FamilyReunionDinner2Editor in 4.6594609 seconds
  Creating makefile for ShaderCompileWorker (no existing makefile)
  Building FamilyReunionDinner2Editor and ShaderCompileWorker...
  Using Visual Studio 2017 14.16.27045 toolchain (C:\Program Files (x86)\Microsoft Visual Studio\2017\Community\VC\Tools\MSVC\14.16.27023) and Windows 10.0.17763.0 SDK (C:\Program Files (x86)\Windows Kits\10).
  Building 6 actions with 12 processes...
    [1/6] FamilyReunionDinner2HUD.cpp
D:\I\Sousaku\FamilyReunionDinner\FamilyReunionDinner2\Source\FamilyReunionDinner2\FamilyReunionDinner2HUD.cpp(38): error C3867: 'AFamilyReunionDinner2Character::useSpecialAction': non-standard syntax; use '&' to create a pointer to member
D:\I\Sousaku\FamilyReunionDinner\FamilyReunionDinner2\Source\FamilyReunionDinner2\FamilyReunionDinner2HUD.cpp(38): error C2672: 'TBaseDynamicMulticastDelegate<FWeakObjectPtr,void>::__Internal_AddDynamic': no matching overloaded function found
    [2/6] FamilyReunionDinner2HUD.gen.cpp
    [3/6] FamilyReunionDinner2GameMode.cpp
C:\Program Files (x86)\Microsoft Visual Studio\2017\Community\Common7\IDE\VC\VCTargets\Microsoft.MakeFile.Targets(44,5): error MSB3073: The command "D:\G\User\Tools\UnrealEngine-release2\Engine\Build\BatchFiles\Build.bat -Target="FamilyReunionDinner2Editor Win64 Development -Project=\"D:\I\Sousaku\FamilyReunionDinner\FamilyReunionDinner2\FamilyReunionDinner2.uproject\"" -Target="ShaderCompileWorker Win64 Development -Quiet" -WaitMutex -FromMsBuild" exited with code 6.
